<?xml version="1.0" encoding="UTF-8"?>
<testsuite xmlns:xsi="http://www.w3.org/2001/XMLSchema-instance" xsi:noNamespaceSchemaLocation="https://maven.apache.org/surefire/maven-surefire-plugin/xsd/surefire-test-report-3.0.xsd" version="3.0" name="com.invoicestudio.service.CsvServiceTest" time="0.326" tests="5" errors="0" skipped="0" failures="0">
  <properties>
[...]
</properties>
  <testcase name="testCsvCellEscaping" classname="com.invoicestudio.service.CsvServiceTest" time="0.017"/>
  <testcase name="testExportBuyers" classname="com.invoicestudio.service.CsvServiceTest" time="0.095"/>
  <testcase name="testPhoneValidation" classname="com.invoicestudio.service.CsvServiceTest" time="0.016"/>
  <testcase name="testParseCsvBasic" classname="com.invoicestudio.service.CsvServiceTest" time="0.026"/>
  <testcase name="testGstinValidation" classname="com.invoicestudio.service.CsvServiceTest" time="0.109"/>
</testsuite>